# JRE version: OpenJDK Runtime Environment (11.0.10) (build 11.0.10+0-b96-7249189)
# Java VM: OpenJDK 64-Bit Server VM (11.0.10+0-b96-7249189, mixed mode, tiered, compressed oops, g1 gc, windows-amd64)
Heap:
 garbage-first heap   total 114688K, used 59820K [0x0000000080000000, 0x0000000100000000)
  region size 1024K, 19 young (19456K), 3 survivors (3072K)
 Metaspace       used 58154K, capacity 59502K, committed 59648K, reserved 1101824K
  class space    used 7135K, capacity 7571K, committed 7680K, reserved 1048576K
GC Heap History (20 events):
Event: 5.931 GC heap before
{Heap before GC invocations=1 (full 0):
 garbage-first heap   total 114688K, used 72993K [0x0000000080000000, 0x0000000100000000)
  region size 1024K, 67 young (68608K), 3 survivors (3072K)
 Metaspace       used 17852K, capacity 18224K, committed 18432K, reserved 1064960K
  class space    used 2107K, capacity 2230K, committed 2304K, reserved 1048576K
}
Event: 5.939 GC heap after
{Heap after GC invocations=2 (full 0):
 garbage-first heap   total 114688K, used 15732K [0x0000000080000000, 0x0000000100000000)
  region size 1024K, 9 young (9216K), 9 survivors (9216K)
 Metaspace       used 17852K, capacity 18224K, committed 18432K, reserved 1064960K
  class space    used 2107K, capacity 2230K, committed 2304K, reserved 1048576K
}
Event: 6.425 GC heap before
{Heap before GC invocations=2 (full 0):
 garbage-first heap   total 114688K, used 34164K [0x0000000080000000, 0x0000000100000000)
  region size 1024K, 29 young (29696K), 9 survivors (9216K)
 Metaspace       used 20733K, capacity 21222K, committed 21296K, reserved 1069056K
  class space    used 2520K, capacity 2680K, committed 2688K, reserved 1048576K
}
Event: 6.433 GC heap after
{Heap after GC invocations=3 (full 0):
 garbage-first heap   total 114688K, used 16864K [0x0000000080000000, 0x0000000100000000)
  region size 1024K, 1 young (1024K), 1 survivors (1024K)
 Metaspace       used 20733K, capacity 21222K, committed 21296K, reserved 1069056K
  class space    used 2520K, capacity 2680K, committed 2688K, reserved 1048576K
}
Event: 7.434 GC heap before
{Heap before GC invocations=4 (full 0):
 garbage-first heap   total 114688K, used 58848K [0x0000000080000000, 0x0000000100000000)
  region size 1024K, 42 young (43008K), 1 survivors (1024K)
 Metaspace       used 25600K, capacity 26202K, committed 26368K, reserved 1073152K
  class space    used 3296K, capacity 3534K, committed 3584K, reserved 1048576K
}
Event: 7.437 GC heap after
{Heap after GC invocations=5 (full 0):
 garbage-first heap   total 114688K, used 18330K [0x0000000080000000, 0x0000000100000000)
  region size 1024K, 3 young (3072K), 3 survivors (3072K)
 Metaspace       used 25600K, capacity 26202K, committed 26368K, reserved 1073152K
  class space    used 3296K, capacity 3534K, committed 3584K, reserved 1048576K
}
Event: 8.379 GC heap before
{Heap before GC invocations=5 (full 0):
 garbage-first heap   total 114688K, used 64410K [0x0000000080000000, 0x0000000100000000)
  region size 1024K, 48 young (49152K), 3 survivors (3072K)
 Metaspace       used 31881K, capacity 32536K, committed 32640K, reserved 1077248K
  class space    used 4169K, capacity 4389K, committed 4480K, reserved 1048576K
}
Event: 8.384 GC heap after
{Heap after GC invocations=6 (full 0):
 garbage-first heap   total 114688K, used 19944K [0x0000000080000000, 0x0000000100000000)
  region size 1024K, 4 young (4096K), 4 survivors (4096K)
 Metaspace       used 31881K, capacity 32536K, committed 32640K, reserved 1077248K
  class space    used 4169K, capacity 4389K, committed 4480K, reserved 1048576K
}
Event: 8.944 GC heap before
{Heap before GC invocations=6 (full 0):
 garbage-first heap   total 114688K, used 40424K [0x0000000080000000, 0x0000000100000000)
  region size 1024K, 26 young (26624K), 4 survivors (4096K)
 Metaspace       used 35225K, capacity 35868K, committed 35968K, reserved 1081344K
  class space    used 4423K, capacity 4687K, committed 4736K, reserved 1048576K
}
Event: 8.954 GC heap after
{Heap after GC invocations=7 (full 0):
 garbage-first heap   total 114688K, used 21398K [0x0000000080000000, 0x0000000100000000)
  region size 1024K, 5 young (5120K), 5 survivors (5120K)
 Metaspace       used 35225K, capacity 35868K, committed 35968K, reserved 1081344K
  class space    used 4423K, capacity 4687K, committed 4736K, reserved 1048576K
}
Event: 10.078 GC heap before
{Heap before GC invocations=8 (full 0):
 garbage-first heap   total 114688K, used 69526K [0x0000000080000000, 0x0000000100000000)
  region size 1024K, 49 young (50176K), 5 survivors (5120K)
 Metaspace       used 42764K, capacity 43514K, committed 43776K, reserved 1087488K
  class space    used 5301K, capacity 5575K, committed 5632K, reserved 1048576K
}
Event: 10.088 GC heap after
{Heap after GC invocations=9 (full 0):
 garbage-first heap   total 114688K, used 25008K [0x0000000080000000, 0x0000000100000000)
  region size 1024K, 7 young (7168K), 7 survivors (7168K)
 Metaspace       used 42764K, capacity 43514K, committed 43776K, reserved 1087488K
  class space    used 5301K, capacity 5575K, committed 5632K, reserved 1048576K
}
Event: 11.150 GC heap before
{Heap before GC invocations=9 (full 0):
 garbage-first heap   total 114688K, used 71088K [0x0000000080000000, 0x0000000100000000)
  region size 1024K, 52 young (53248K), 7 survivors (7168K)
 Metaspace       used 45066K, capacity 45930K, committed 46080K, reserved 1089536K
  class space    used 5508K, capacity 5804K, committed 5888K, reserved 1048576K
}
Event: 11.158 GC heap after
{Heap after GC invocations=10 (full 0):
 garbage-first heap   total 114688K, used 27706K [0x0000000080000000, 0x0000000100000000)
  region size 1024K, 3 young (3072K), 3 survivors (3072K)
 Metaspace       used 45066K, capacity 45930K, committed 46080K, reserved 1089536K
  class space    used 5508K, capacity 5804K, committed 5888K, reserved 1048576K
}
Event: 11.970 GC heap before
{Heap before GC invocations=10 (full 0):
 garbage-first heap   total 114688K, used 74810K [0x0000000080000000, 0x0000000100000000)
  region size 1024K, 49 young (50176K), 3 survivors (3072K)
 Metaspace       used 48970K, capacity 50043K, committed 50176K, reserved 1093632K
  class space    used 6047K, capacity 6400K, committed 6400K, reserved 1048576K
}
Event: 11.977 GC heap after
{Heap after GC invocations=11 (full 0):
 garbage-first heap   total 114688K, used 29895K [0x0000000080000000, 0x0000000100000000)
  region size 1024K, 5 young (5120K), 5 survivors (5120K)
 Metaspace       used 48970K, capacity 50043K, committed 50176K, reserved 1093632K
  class space    used 6047K, capacity 6400K, committed 6400K, reserved 1048576K
}
Event: 12.887 GC heap before
{Heap before GC invocations=11 (full 0):
 garbage-first heap   total 114688K, used 80071K [0x0000000080000000, 0x0000000100000000)
  region size 1024K, 52 young (53248K), 5 survivors (5120K)
 Metaspace       used 50531K, capacity 51653K, committed 51968K, reserved 1095680K
  class space    used 6200K, capacity 6589K, committed 6656K, reserved 1048576K
}
Event: 12.896 GC heap after
{Heap after GC invocations=12 (full 0):
 garbage-first heap   total 114688K, used 41452K [0x0000000080000000, 0x0000000100000000)
  region size 1024K, 7 young (7168K), 7 survivors (7168K)
 Metaspace       used 50531K, capacity 51653K, committed 51968K, reserved 1095680K
  class space    used 6200K, capacity 6589K, committed 6656K, reserved 1048576K
}
Event: 13.907 GC heap before
{Heap before GC invocations=12 (full 0):
 garbage-first heap   total 114688K, used 82412K [0x0000000080000000, 0x0000000100000000)
  region size 1024K, 47 young (48128K), 7 survivors (7168K)
 Metaspace       used 56013K, capacity 57355K, committed 57600K, reserved 1099776K
  class space    used 6856K, capacity 7328K, committed 7424K, reserved 1048576K
}
Event: 13.914 GC heap after
{Heap after GC invocations=13 (full 0):
 garbage-first heap   total 114688K, used 44460K [0x0000000080000000, 0x0000000100000000)
  region size 1024K, 3 young (3072K), 3 survivors (3072K)
 Metaspace       used 56013K, capacity 57355K, committed 57600K, reserved 1099776K
  class space    used 6856K, capacity 7328K, committed 7424K, reserved 1048576K
}

